2024-10-21 17:54:07,919 [Worker-4: Loading available Gradle versions] INFO  o.e.b.c.i.u.g.PublishedGradleVersions - Gradle version information cache is up-to-date. Trying to read.
2024-10-21 17:56:02,657 [Worker-21: Creating maven-archetype-quickstart] INFO  o.e.m.c.i.p.ProjectConfigurationManager - Collecting project info '/pom.xml' C:\TRABALHO\PROJETOS\JAVA\ernviando-mail\pom.xml
2024-10-21 17:56:03,232 [Worker-21: Creating maven-archetype-quickstart] INFO  o.e.m.c.i.l.LifecycleMappingFactory - Using org.eclipse.m2e.jdt.JarLifecycleMapping lifecycle mapping for MavenProject: enviando-mail:ernviando-mail:0.0.1-SNAPSHOT @ C:\TRABALHO\PROJETOS\JAVA\ernviando-mail\pom.xml.
2024-10-21 17:56:03,927 [Worker-21: Creating maven-archetype-quickstart] INFO  o.e.m.j.i.AbstractJavaProjectConfigurator - Adding source folder /ernviando-mail/src/main/java
2024-10-21 17:56:03,932 [Worker-21: Creating maven-archetype-quickstart] INFO  o.e.m.j.i.AbstractJavaProjectConfigurator - Adding source folder /ernviando-mail/src/test/java
2024-10-21 17:56:05,087 [Worker-21: Creating maven-archetype-quickstart] INFO  o.e.m.c.i.p.ProjectConfigurationManager - Imported and configured 1 project(s) in 2 sec
2024-10-21 17:56:05,798 [Worker-28: Building] INFO  o.a.m.s.f.DefaultMavenResourcesFiltering - skip non existing resourceDirectory C:\TRABALHO\PROJETOS\JAVA\ernviando-mail\src\main\resources
2024-10-21 17:56:05,801 [Worker-28: Building] INFO  o.a.m.s.f.DefaultMavenResourcesFiltering - skip non existing resourceDirectory C:\TRABALHO\PROJETOS\JAVA\ernviando-mail\src\test\resources
2024-10-21 17:57:34,686 [Worker-27: Building] INFO  o.e.m.c.i.l.LifecycleMappingFactory - Using org.eclipse.m2e.jdt.JarLifecycleMapping lifecycle mapping for MavenProject: enviando-mail:ernviando-mail:0.0.1-SNAPSHOT @ C:\TRABALHO\PROJETOS\JAVA\ernviando-mail\pom.xml.
2024-10-21 17:57:34,899 [Worker-27: Building] INFO  o.a.m.s.f.DefaultMavenResourcesFiltering - skip non existing resourceDirectory C:\TRABALHO\PROJETOS\JAVA\ernviando-mail\src\main\resources
2024-10-21 17:57:34,902 [Worker-27: Building] INFO  o.a.m.s.f.DefaultMavenResourcesFiltering - skip non existing resourceDirectory C:\TRABALHO\PROJETOS\JAVA\ernviando-mail\src\test\resources
2024-10-21 17:57:36,335 [Worker-29: Building] INFO  o.a.m.s.f.DefaultMavenResourcesFiltering - skip non existing resourceDirectory C:\TRABALHO\PROJETOS\JAVA\ernviando-mail\src\main\resources
2024-10-21 17:57:36,337 [Worker-29: Building] INFO  o.a.m.s.f.DefaultMavenResourcesFiltering - skip non existing resourceDirectory C:\TRABALHO\PROJETOS\JAVA\ernviando-mail\src\test\resources
2024-10-21 18:07:27,228 [Worker-36: Launching AppTest] INFO  o.a.m.s.f.DefaultMavenResourcesFiltering - skip non existing resourceDirectory C:\TRABALHO\PROJETOS\JAVA\ernviando-mail\src\main\resources
2024-10-21 18:07:27,231 [Worker-36: Launching AppTest] INFO  o.a.m.s.f.DefaultMavenResourcesFiltering - skip non existing resourceDirectory C:\TRABALHO\PROJETOS\JAVA\ernviando-mail\src\test\resources
2024-10-21 18:07:27,511 [Worker-36: Launching AppTest] INFO  o.e.m.c.i.e.AbstractTransferListenerAdapter - Downloading https://repo.maven.apache.org/maven2/org/junit/platform/junit-platform-launcher/1.11.0/junit-platform-launcher-1.11.0.jar
2024-10-21 18:07:27,615 [Worker-36: Launching AppTest] INFO  o.e.m.c.i.e.AbstractTransferListenerAdapter - Downloaded https://repo.maven.apache.org/maven2/org/junit/platform/junit-platform-launcher/1.11.0/junit-platform-launcher-1.11.0.jar
2024-10-21 18:07:27,716 [Worker-36: Launching AppTest] INFO  o.e.m.c.i.e.AbstractTransferListenerAdapter - Downloading https://repo.maven.apache.org/maven2/org/junit/platform/junit-platform-engine/1.11.0/junit-platform-engine-1.11.0.jar
2024-10-21 18:07:27,786 [Worker-36: Launching AppTest] INFO  o.e.m.c.i.e.AbstractTransferListenerAdapter - Downloaded https://repo.maven.apache.org/maven2/org/junit/platform/junit-platform-engine/1.11.0/junit-platform-engine-1.11.0.jar
2024-10-21 18:07:27,839 [Worker-36: Launching AppTest] INFO  o.e.m.c.i.e.AbstractTransferListenerAdapter - Downloading https://repo.maven.apache.org/maven2/org/junit/jupiter/junit-jupiter-engine/5.11.0/junit-jupiter-engine-5.11.0.jar
2024-10-21 18:07:27,904 [Worker-36: Launching AppTest] INFO  o.e.m.c.i.e.AbstractTransferListenerAdapter - Downloaded https://repo.maven.apache.org/maven2/org/junit/jupiter/junit-jupiter-engine/5.11.0/junit-jupiter-engine-5.11.0.jar
2024-10-22 06:25:41,211 [Worker-1: Loading available Gradle versions] INFO  o.e.b.c.i.u.g.PublishedGradleVersions - Gradle version information cache is up-to-date. Trying to read.
2024-10-22 06:33:18,037 [Worker-14: Launching AppTest] INFO  o.a.m.s.f.DefaultMavenResourcesFiltering - skip non existing resourceDirectory C:\TRABALHO\PROJETOS\JAVA\ernviando-mail\src\main\resources
2024-10-22 06:33:18,039 [Worker-14: Launching AppTest] INFO  o.a.m.s.f.DefaultMavenResourcesFiltering - skip non existing resourceDirectory C:\TRABALHO\PROJETOS\JAVA\ernviando-mail\src\test\resources
2024-10-22 06:46:13,945 [Worker-25: Launching AppTest] INFO  o.a.m.s.f.DefaultMavenResourcesFiltering - skip non existing resourceDirectory C:\TRABALHO\PROJETOS\JAVA\ernviando-mail\src\main\resources
2024-10-22 06:46:13,947 [Worker-25: Launching AppTest] INFO  o.a.m.s.f.DefaultMavenResourcesFiltering - skip non existing resourceDirectory C:\TRABALHO\PROJETOS\JAVA\ernviando-mail\src\test\resources
2024-10-22 06:47:00,849 [Worker-26: Launching AppTest] INFO  o.a.m.s.f.DefaultMavenResourcesFiltering - skip non existing resourceDirectory C:\TRABALHO\PROJETOS\JAVA\ernviando-mail\src\main\resources
2024-10-22 06:47:00,852 [Worker-26: Launching AppTest] INFO  o.a.m.s.f.DefaultMavenResourcesFiltering - skip non existing resourceDirectory C:\TRABALHO\PROJETOS\JAVA\ernviando-mail\src\test\resources
2024-10-22 07:01:56,182 [Worker-32: Launching AppTest] INFO  o.a.m.s.f.DefaultMavenResourcesFiltering - skip non existing resourceDirectory C:\TRABALHO\PROJETOS\JAVA\ernviando-mail\src\main\resources
2024-10-22 07:01:56,184 [Worker-32: Launching AppTest] INFO  o.a.m.s.f.DefaultMavenResourcesFiltering - skip non existing resourceDirectory C:\TRABALHO\PROJETOS\JAVA\ernviando-mail\src\test\resources
2024-10-22 07:17:55,984 [Worker-35: Launching AppTest] INFO  o.a.m.s.f.DefaultMavenResourcesFiltering - skip non existing resourceDirectory C:\TRABALHO\PROJETOS\JAVA\ernviando-mail\src\main\resources
2024-10-22 07:17:55,986 [Worker-35: Launching AppTest] INFO  o.a.m.s.f.DefaultMavenResourcesFiltering - skip non existing resourceDirectory C:\TRABALHO\PROJETOS\JAVA\ernviando-mail\src\test\resources
2024-10-22 07:21:43,645 [Worker-40: Launching AppTest] INFO  o.a.m.s.f.DefaultMavenResourcesFiltering - skip non existing resourceDirectory C:\TRABALHO\PROJETOS\JAVA\ernviando-mail\src\main\resources
2024-10-22 07:21:43,648 [Worker-40: Launching AppTest] INFO  o.a.m.s.f.DefaultMavenResourcesFiltering - skip non existing resourceDirectory C:\TRABALHO\PROJETOS\JAVA\ernviando-mail\src\test\resources
2024-10-22 07:24:29,556 [Worker-43: Launching AppTest] INFO  o.a.m.s.f.DefaultMavenResourcesFiltering - skip non existing resourceDirectory C:\TRABALHO\PROJETOS\JAVA\ernviando-mail\src\main\resources
2024-10-22 07:24:29,558 [Worker-43: Launching AppTest] INFO  o.a.m.s.f.DefaultMavenResourcesFiltering - skip non existing resourceDirectory C:\TRABALHO\PROJETOS\JAVA\ernviando-mail\src\test\resources
2024-10-22 07:24:35,875 [Worker-39: Launching AppTest] INFO  o.a.m.s.f.DefaultMavenResourcesFiltering - skip non existing resourceDirectory C:\TRABALHO\PROJETOS\JAVA\ernviando-mail\src\main\resources
2024-10-22 07:24:35,878 [Worker-39: Launching AppTest] INFO  o.a.m.s.f.DefaultMavenResourcesFiltering - skip non existing resourceDirectory C:\TRABALHO\PROJETOS\JAVA\ernviando-mail\src\test\resources
2024-10-22 07:25:27,504 [Worker-42: Launching AppTest] INFO  o.a.m.s.f.DefaultMavenResourcesFiltering - skip non existing resourceDirectory C:\TRABALHO\PROJETOS\JAVA\ernviando-mail\src\main\resources
2024-10-22 07:25:27,506 [Worker-42: Launching AppTest] INFO  o.a.m.s.f.DefaultMavenResourcesFiltering - skip non existing resourceDirectory C:\TRABALHO\PROJETOS\JAVA\ernviando-mail\src\test\resources
2024-10-22 07:26:13,438 [Worker-45: Launching AppTest] INFO  o.a.m.s.f.DefaultMavenResourcesFiltering - skip non existing resourceDirectory C:\TRABALHO\PROJETOS\JAVA\ernviando-mail\src\main\resources
2024-10-22 07:26:13,440 [Worker-45: Launching AppTest] INFO  o.a.m.s.f.DefaultMavenResourcesFiltering - skip non existing resourceDirectory C:\TRABALHO\PROJETOS\JAVA\ernviando-mail\src\test\resources
2024-10-22 07:29:34,339 [Worker-42: Launching AppTest] INFO  o.a.m.s.f.DefaultMavenResourcesFiltering - skip non existing resourceDirectory C:\TRABALHO\PROJETOS\JAVA\ernviando-mail\src\main\resources
2024-10-22 07:29:34,342 [Worker-42: Launching AppTest] INFO  o.a.m.s.f.DefaultMavenResourcesFiltering - skip non existing resourceDirectory C:\TRABALHO\PROJETOS\JAVA\ernviando-mail\src\test\resources
2024-10-22 07:29:44,809 [Worker-45: Launching AppTest] INFO  o.a.m.s.f.DefaultMavenResourcesFiltering - skip non existing resourceDirectory C:\TRABALHO\PROJETOS\JAVA\ernviando-mail\src\main\resources
2024-10-22 07:29:44,811 [Worker-45: Launching AppTest] INFO  o.a.m.s.f.DefaultMavenResourcesFiltering - skip non existing resourceDirectory C:\TRABALHO\PROJETOS\JAVA\ernviando-mail\src\test\resources
2024-10-22 07:30:29,663 [Worker-47: Launching AppTest] INFO  o.a.m.s.f.DefaultMavenResourcesFiltering - skip non existing resourceDirectory C:\TRABALHO\PROJETOS\JAVA\ernviando-mail\src\main\resources
2024-10-22 07:30:29,665 [Worker-47: Launching AppTest] INFO  o.a.m.s.f.DefaultMavenResourcesFiltering - skip non existing resourceDirectory C:\TRABALHO\PROJETOS\JAVA\ernviando-mail\src\test\resources
2024-10-22 07:33:55,217 [Worker-56: Launching AppTest] INFO  o.a.m.s.f.DefaultMavenResourcesFiltering - skip non existing resourceDirectory C:\TRABALHO\PROJETOS\JAVA\ernviando-mail\src\main\resources
2024-10-22 07:33:55,218 [Worker-56: Launching AppTest] INFO  o.a.m.s.f.DefaultMavenResourcesFiltering - skip non existing resourceDirectory C:\TRABALHO\PROJETOS\JAVA\ernviando-mail\src\test\resources
2024-10-22 07:34:09,964 [Worker-58: Launching AppTest] INFO  o.a.m.s.f.DefaultMavenResourcesFiltering - skip non existing resourceDirectory C:\TRABALHO\PROJETOS\JAVA\ernviando-mail\src\main\resources
2024-10-22 07:34:09,967 [Worker-58: Launching AppTest] INFO  o.a.m.s.f.DefaultMavenResourcesFiltering - skip non existing resourceDirectory C:\TRABALHO\PROJETOS\JAVA\ernviando-mail\src\test\resources
2024-10-22 07:40:19,024 [Worker-56: Launching AppTest] INFO  o.a.m.s.f.DefaultMavenResourcesFiltering - skip non existing resourceDirectory C:\TRABALHO\PROJETOS\JAVA\ernviando-mail\src\main\resources
2024-10-22 07:40:19,027 [Worker-56: Launching AppTest] INFO  o.a.m.s.f.DefaultMavenResourcesFiltering - skip non existing resourceDirectory C:\TRABALHO\PROJETOS\JAVA\ernviando-mail\src\test\resources
2024-10-22 07:50:28,219 [Worker-66: Launching AppTest] INFO  o.a.m.s.f.DefaultMavenResourcesFiltering - skip non existing resourceDirectory C:\TRABALHO\PROJETOS\JAVA\ernviando-mail\src\main\resources
2024-10-22 07:50:28,221 [Worker-66: Launching AppTest] INFO  o.a.m.s.f.DefaultMavenResourcesFiltering - skip non existing resourceDirectory C:\TRABALHO\PROJETOS\JAVA\ernviando-mail\src\test\resources
2024-10-22 07:52:59,404 [Worker-62: Launching AppTest] INFO  o.a.m.s.f.DefaultMavenResourcesFiltering - skip non existing resourceDirectory C:\TRABALHO\PROJETOS\JAVA\ernviando-mail\src\main\resources
2024-10-22 07:52:59,406 [Worker-62: Launching AppTest] INFO  o.a.m.s.f.DefaultMavenResourcesFiltering - skip non existing resourceDirectory C:\TRABALHO\PROJETOS\JAVA\ernviando-mail\src\test\resources
2024-10-22 07:54:07,634 [Worker-62: Launching AppTest] INFO  o.a.m.s.f.DefaultMavenResourcesFiltering - skip non existing resourceDirectory C:\TRABALHO\PROJETOS\JAVA\ernviando-mail\src\main\resources
2024-10-22 07:54:07,636 [Worker-62: Launching AppTest] INFO  o.a.m.s.f.DefaultMavenResourcesFiltering - skip non existing resourceDirectory C:\TRABALHO\PROJETOS\JAVA\ernviando-mail\src\test\resources
2024-10-22 07:56:30,126 [Worker-70: Launching AppTest] INFO  o.a.m.s.f.DefaultMavenResourcesFiltering - skip non existing resourceDirectory C:\TRABALHO\PROJETOS\JAVA\ernviando-mail\src\main\resources
2024-10-22 07:56:30,128 [Worker-70: Launching AppTest] INFO  o.a.m.s.f.DefaultMavenResourcesFiltering - skip non existing resourceDirectory C:\TRABALHO\PROJETOS\JAVA\ernviando-mail\src\test\resources
2024-10-22 08:20:54,420 [Worker-70: Launching AppTest] INFO  o.a.m.s.f.DefaultMavenResourcesFiltering - skip non existing resourceDirectory C:\TRABALHO\PROJETOS\JAVA\ernviando-mail\src\main\resources
2024-10-22 08:20:54,421 [Worker-70: Launching AppTest] INFO  o.a.m.s.f.DefaultMavenResourcesFiltering - skip non existing resourceDirectory C:\TRABALHO\PROJETOS\JAVA\ernviando-mail\src\test\resources
2024-10-22 08:23:53,098 [Worker-70: Building] INFO  o.a.m.s.f.DefaultMavenResourcesFiltering - skip non existing resourceDirectory C:\TRABALHO\PROJETOS\JAVA\ernviando-mail\src\main\resources
2024-10-22 08:23:53,099 [Worker-70: Building] INFO  o.a.m.s.f.DefaultMavenResourcesFiltering - skip non existing resourceDirectory C:\TRABALHO\PROJETOS\JAVA\ernviando-mail\src\test\resources
2024-10-22 08:24:25,098 [Worker-80: Launching AppTest] INFO  o.a.m.s.f.DefaultMavenResourcesFiltering - skip non existing resourceDirectory C:\TRABALHO\PROJETOS\JAVA\ernviando-mail\src\main\resources
2024-10-22 08:24:25,100 [Worker-80: Launching AppTest] INFO  o.a.m.s.f.DefaultMavenResourcesFiltering - skip non existing resourceDirectory C:\TRABALHO\PROJETOS\JAVA\ernviando-mail\src\test\resources
2024-10-22 08:24:54,623 [Worker-73: Launching AppTest] INFO  o.a.m.s.f.DefaultMavenResourcesFiltering - skip non existing resourceDirectory C:\TRABALHO\PROJETOS\JAVA\ernviando-mail\src\main\resources
2024-10-22 08:24:54,626 [Worker-73: Launching AppTest] INFO  o.a.m.s.f.DefaultMavenResourcesFiltering - skip non existing resourceDirectory C:\TRABALHO\PROJETOS\JAVA\ernviando-mail\src\test\resources
2024-10-22 08:31:37,837 [Worker-83: Building] INFO  o.a.m.s.f.DefaultMavenResourcesFiltering - skip non existing resourceDirectory C:\TRABALHO\PROJETOS\JAVA\ernviando-mail\src\main\resources
2024-10-22 08:31:37,839 [Worker-83: Building] INFO  o.a.m.s.f.DefaultMavenResourcesFiltering - skip non existing resourceDirectory C:\TRABALHO\PROJETOS\JAVA\ernviando-mail\src\test\resources
2024-10-22 09:03:45,311 [Worker-85: Launching AppTest] INFO  o.a.m.s.f.DefaultMavenResourcesFiltering - skip non existing resourceDirectory C:\TRABALHO\PROJETOS\JAVA\ernviando-mail\src\main\resources
2024-10-22 09:03:45,313 [Worker-85: Launching AppTest] INFO  o.a.m.s.f.DefaultMavenResourcesFiltering - skip non existing resourceDirectory C:\TRABALHO\PROJETOS\JAVA\ernviando-mail\src\test\resources
2024-10-22 10:49:55,358 [Worker-95: Building] INFO  o.a.m.s.f.DefaultMavenResourcesFiltering - skip non existing resourceDirectory C:\TRABALHO\PROJETOS\JAVA\ernviando-mail\src\main\resources
2024-10-22 10:49:55,359 [Worker-95: Building] INFO  o.a.m.s.f.DefaultMavenResourcesFiltering - skip non existing resourceDirectory C:\TRABALHO\PROJETOS\JAVA\ernviando-mail\src\test\resources
2024-10-22 10:51:12,681 [Worker-96: Building] INFO  o.a.m.s.f.DefaultMavenResourcesFiltering - skip non existing resourceDirectory C:\TRABALHO\PROJETOS\JAVA\ernviando-mail\src\main\resources
2024-10-22 10:51:12,682 [Worker-96: Building] INFO  o.a.m.s.f.DefaultMavenResourcesFiltering - skip non existing resourceDirectory C:\TRABALHO\PROJETOS\JAVA\ernviando-mail\src\test\resources
2024-10-22 10:53:37,995 [Worker-96: Building] INFO  o.a.m.s.f.DefaultMavenResourcesFiltering - skip non existing resourceDirectory C:\TRABALHO\PROJETOS\JAVA\ernviando-mail\src\main\resources
2024-10-22 10:53:38,002 [Worker-96: Building] INFO  o.a.m.s.f.DefaultMavenResourcesFiltering - skip non existing resourceDirectory C:\TRABALHO\PROJETOS\JAVA\ernviando-mail\src\test\resources
2024-10-22 11:01:17,267 [Worker-100: Building] INFO  o.a.m.s.f.DefaultMavenResourcesFiltering - skip non existing resourceDirectory C:\TRABALHO\PROJETOS\JAVA\ernviando-mail\src\main\resources
2024-10-22 11:01:17,268 [Worker-100: Building] INFO  o.a.m.s.f.DefaultMavenResourcesFiltering - skip non existing resourceDirectory C:\TRABALHO\PROJETOS\JAVA\ernviando-mail\src\test\resources
2024-10-22 13:17:22,642 [Worker-113: Launching AppTest] INFO  o.a.m.s.f.DefaultMavenResourcesFiltering - skip non existing resourceDirectory C:\TRABALHO\PROJETOS\JAVA\ernviando-mail\src\main\resources
2024-10-22 13:17:22,643 [Worker-113: Launching AppTest] INFO  o.a.m.s.f.DefaultMavenResourcesFiltering - skip non existing resourceDirectory C:\TRABALHO\PROJETOS\JAVA\ernviando-mail\src\test\resources
2024-10-22 13:22:26,201 [Worker-119: Launching AppTest] INFO  o.a.m.s.f.DefaultMavenResourcesFiltering - skip non existing resourceDirectory C:\TRABALHO\PROJETOS\JAVA\ernviando-mail\src\main\resources
2024-10-22 13:22:26,203 [Worker-119: Launching AppTest] INFO  o.a.m.s.f.DefaultMavenResourcesFiltering - skip non existing resourceDirectory C:\TRABALHO\PROJETOS\JAVA\ernviando-mail\src\test\resources
2024-10-22 13:37:20,484 [Worker-122: Launching AppTest] INFO  o.a.m.s.f.DefaultMavenResourcesFiltering - skip non existing resourceDirectory C:\TRABALHO\PROJETOS\JAVA\ernviando-mail\src\main\resources
2024-10-22 13:37:20,485 [Worker-122: Launching AppTest] INFO  o.a.m.s.f.DefaultMavenResourcesFiltering - skip non existing resourceDirectory C:\TRABALHO\PROJETOS\JAVA\ernviando-mail\src\test\resources
2024-10-22 13:37:52,403 [Worker-124: Launching AppTest] INFO  o.a.m.s.f.DefaultMavenResourcesFiltering - skip non existing resourceDirectory C:\TRABALHO\PROJETOS\JAVA\ernviando-mail\src\main\resources
2024-10-22 13:37:52,405 [Worker-124: Launching AppTest] INFO  o.a.m.s.f.DefaultMavenResourcesFiltering - skip non existing resourceDirectory C:\TRABALHO\PROJETOS\JAVA\ernviando-mail\src\test\resources
2024-10-22 13:44:55,964 [Worker-129: Launching AppTest] INFO  o.a.m.s.f.DefaultMavenResourcesFiltering - skip non existing resourceDirectory C:\TRABALHO\PROJETOS\JAVA\ernviando-mail\src\main\resources
2024-10-22 13:44:55,965 [Worker-129: Launching AppTest] INFO  o.a.m.s.f.DefaultMavenResourcesFiltering - skip non existing resourceDirectory C:\TRABALHO\PROJETOS\JAVA\ernviando-mail\src\test\resources
2024-10-22 13:45:13,987 [Worker-126: Launching AppTest] INFO  o.a.m.s.f.DefaultMavenResourcesFiltering - skip non existing resourceDirectory C:\TRABALHO\PROJETOS\JAVA\ernviando-mail\src\main\resources
2024-10-22 13:45:13,988 [Worker-126: Launching AppTest] INFO  o.a.m.s.f.DefaultMavenResourcesFiltering - skip non existing resourceDirectory C:\TRABALHO\PROJETOS\JAVA\ernviando-mail\src\test\resources
2024-10-22 13:46:43,467 [Worker-132: Launching AppTest] INFO  o.a.m.s.f.DefaultMavenResourcesFiltering - skip non existing resourceDirectory C:\TRABALHO\PROJETOS\JAVA\ernviando-mail\src\main\resources
2024-10-22 13:46:43,469 [Worker-132: Launching AppTest] INFO  o.a.m.s.f.DefaultMavenResourcesFiltering - skip non existing resourceDirectory C:\TRABALHO\PROJETOS\JAVA\ernviando-mail\src\test\resources
2024-10-22 13:47:52,041 [Worker-135: Launching AppTest] INFO  o.a.m.s.f.DefaultMavenResourcesFiltering - skip non existing resourceDirectory C:\TRABALHO\PROJETOS\JAVA\ernviando-mail\src\main\resources
2024-10-22 13:47:52,042 [Worker-135: Launching AppTest] INFO  o.a.m.s.f.DefaultMavenResourcesFiltering - skip non existing resourceDirectory C:\TRABALHO\PROJETOS\JAVA\ernviando-mail\src\test\resources
2024-10-22 13:48:57,496 [Worker-137: Launching AppTest] INFO  o.a.m.s.f.DefaultMavenResourcesFiltering - skip non existing resourceDirectory C:\TRABALHO\PROJETOS\JAVA\ernviando-mail\src\main\resources
2024-10-22 13:48:57,498 [Worker-137: Launching AppTest] INFO  o.a.m.s.f.DefaultMavenResourcesFiltering - skip non existing resourceDirectory C:\TRABALHO\PROJETOS\JAVA\ernviando-mail\src\test\resources
2024-10-22 13:56:08,671 [Worker-137: Launching AppTest] INFO  o.a.m.s.f.DefaultMavenResourcesFiltering - skip non existing resourceDirectory C:\TRABALHO\PROJETOS\JAVA\ernviando-mail\src\main\resources
2024-10-22 13:56:08,673 [Worker-137: Launching AppTest] INFO  o.a.m.s.f.DefaultMavenResourcesFiltering - skip non existing resourceDirectory C:\TRABALHO\PROJETOS\JAVA\ernviando-mail\src\test\resources
2024-10-22 13:58:20,179 [Worker-143: Launching AppTest] INFO  o.a.m.s.f.DefaultMavenResourcesFiltering - skip non existing resourceDirectory C:\TRABALHO\PROJETOS\JAVA\ernviando-mail\src\main\resources
2024-10-22 13:58:20,181 [Worker-143: Launching AppTest] INFO  o.a.m.s.f.DefaultMavenResourcesFiltering - skip non existing resourceDirectory C:\TRABALHO\PROJETOS\JAVA\ernviando-mail\src\test\resources
2024-10-22 14:00:52,006 [Worker-143: Launching AppTest] INFO  o.a.m.s.f.DefaultMavenResourcesFiltering - skip non existing resourceDirectory C:\TRABALHO\PROJETOS\JAVA\ernviando-mail\src\main\resources
2024-10-22 14:00:52,009 [Worker-143: Launching AppTest] INFO  o.a.m.s.f.DefaultMavenResourcesFiltering - skip non existing resourceDirectory C:\TRABALHO\PROJETOS\JAVA\ernviando-mail\src\test\resources
2024-10-22 14:05:04,530 [Worker-147: Launching AppTest] INFO  o.a.m.s.f.DefaultMavenResourcesFiltering - skip non existing resourceDirectory C:\TRABALHO\PROJETOS\JAVA\ernviando-mail\src\main\resources
2024-10-22 14:05:04,532 [Worker-147: Launching AppTest] INFO  o.a.m.s.f.DefaultMavenResourcesFiltering - skip non existing resourceDirectory C:\TRABALHO\PROJETOS\JAVA\ernviando-mail\src\test\resources
2024-10-22 14:07:21,673 [Worker-155: Launching AppTest] INFO  o.a.m.s.f.DefaultMavenResourcesFiltering - skip non existing resourceDirectory C:\TRABALHO\PROJETOS\JAVA\ernviando-mail\src\main\resources
2024-10-22 14:07:21,674 [Worker-155: Launching AppTest] INFO  o.a.m.s.f.DefaultMavenResourcesFiltering - skip non existing resourceDirectory C:\TRABALHO\PROJETOS\JAVA\ernviando-mail\src\test\resources
2024-10-22 14:36:17,681 [Worker-165: Launching AppTest] INFO  o.a.m.s.f.DefaultMavenResourcesFiltering - skip non existing resourceDirectory C:\TRABALHO\PROJETOS\JAVA\ernviando-mail\src\main\resources
2024-10-22 14:36:17,683 [Worker-165: Launching AppTest] INFO  o.a.m.s.f.DefaultMavenResourcesFiltering - skip non existing resourceDirectory C:\TRABALHO\PROJETOS\JAVA\ernviando-mail\src\test\resources
2024-10-22 14:40:52,073 [Worker-164: Launching AppTest] INFO  o.a.m.s.f.DefaultMavenResourcesFiltering - skip non existing resourceDirectory C:\TRABALHO\PROJETOS\JAVA\ernviando-mail\src\main\resources
2024-10-22 14:40:52,074 [Worker-164: Launching AppTest] INFO  o.a.m.s.f.DefaultMavenResourcesFiltering - skip non existing resourceDirectory C:\TRABALHO\PROJETOS\JAVA\ernviando-mail\src\test\resources
2024-10-22 16:07:44,190 [Worker-179: Launching AppTest] INFO  o.a.m.s.f.DefaultMavenResourcesFiltering - skip non existing resourceDirectory C:\TRABALHO\PROJETOS\JAVA\ernviando-mail\src\main\resources
2024-10-22 16:07:44,191 [Worker-179: Launching AppTest] INFO  o.a.m.s.f.DefaultMavenResourcesFiltering - skip non existing resourceDirectory C:\TRABALHO\PROJETOS\JAVA\ernviando-mail\src\test\resources
2024-10-22 16:19:12,892 [Worker-16: Loading available Gradle versions] INFO  o.e.b.c.i.u.g.PublishedGradleVersions - Gradle version information cache is up-to-date. Trying to read.
2024-10-22 16:21:57,803 [Worker-2: Building] INFO  o.e.m.c.i.l.LifecycleMappingFactory - Using org.eclipse.m2e.jdt.JarLifecycleMapping lifecycle mapping for MavenProject: enviando-mail:ernviando-mail:0.0.1-SNAPSHOT @ C:\TRABALHO\PROJETOS\JAVA\ernviando-mail\pom.xml.
2024-10-22 16:21:58,132 [Worker-2: Building] INFO  o.e.m.c.i.e.AbstractTransferListenerAdapter - Downloading https://repo.maven.apache.org/maven2/com/itextpdf/itextpdf/5.5.13.1/itextpdf-5.5.13.1.pom
2024-10-22 16:21:58,183 [Worker-2: Building] INFO  o.e.m.c.i.e.AbstractTransferListenerAdapter - Downloaded https://repo.maven.apache.org/maven2/com/itextpdf/itextpdf/5.5.13.1/itextpdf-5.5.13.1.pom
2024-10-22 16:21:58,225 [Worker-2: Building] INFO  o.e.m.c.i.e.AbstractTransferListenerAdapter - Downloading https://repo.maven.apache.org/maven2/com/itextpdf/itext-parent/1.0.0/itext-parent-1.0.0.pom
2024-10-22 16:21:58,274 [Worker-2: Building] INFO  o.e.m.c.i.e.AbstractTransferListenerAdapter - Downloaded https://repo.maven.apache.org/maven2/com/itextpdf/itext-parent/1.0.0/itext-parent-1.0.0.pom
2024-10-22 16:21:58,314 [Worker-2: Building] INFO  o.e.m.c.i.e.AbstractTransferListenerAdapter - Downloading https://repo.maven.apache.org/maven2/com/itextpdf/itextpdf/5.5.13.1/itextpdf-5.5.13.1.jar
2024-10-22 16:21:58,701 [Worker-2: Building] INFO  o.e.m.c.i.e.AbstractTransferListenerAdapter - Downloaded https://repo.maven.apache.org/maven2/com/itextpdf/itextpdf/5.5.13.1/itextpdf-5.5.13.1.jar
2024-10-22 16:21:59,081 [Worker-2: Building] INFO  o.a.m.s.f.DefaultMavenResourcesFiltering - skip non existing resourceDirectory C:\TRABALHO\PROJETOS\JAVA\ernviando-mail\src\main\resources
2024-10-22 16:21:59,083 [Worker-2: Building] INFO  o.a.m.s.f.DefaultMavenResourcesFiltering - skip non existing resourceDirectory C:\TRABALHO\PROJETOS\JAVA\ernviando-mail\src\test\resources
2024-10-22 16:22:00,122 [Worker-10: Download sources and javadoc] INFO  o.e.m.c.i.e.AbstractTransferListenerAdapter - Downloading https://repo.maven.apache.org/maven2/com/itextpdf/itextpdf/5.5.13.1/itextpdf-5.5.13.1-sources.jar
2024-10-22 16:22:00,616 [Worker-10: Download sources and javadoc] INFO  o.e.m.c.i.e.AbstractTransferListenerAdapter - Downloaded https://repo.maven.apache.org/maven2/com/itextpdf/itextpdf/5.5.13.1/itextpdf-5.5.13.1-sources.jar
2024-10-22 16:22:00,633 [Worker-15: Building] INFO  o.a.m.s.f.DefaultMavenResourcesFiltering - skip non existing resourceDirectory C:\TRABALHO\PROJETOS\JAVA\ernviando-mail\src\main\resources
2024-10-22 16:22:00,636 [Worker-15: Building] INFO  o.a.m.s.f.DefaultMavenResourcesFiltering - skip non existing resourceDirectory C:\TRABALHO\PROJETOS\JAVA\ernviando-mail\src\test\resources
2024-10-22 16:22:00,660 [Worker-10: Download sources and javadoc] INFO  o.e.m.j.internal.DownloadSourcesJob - Downloaded sources for com.itextpdf:itextpdf:5.5.13.1
2024-10-22 16:22:01,673 [Worker-18: Building] INFO  o.a.m.s.f.DefaultMavenResourcesFiltering - skip non existing resourceDirectory C:\TRABALHO\PROJETOS\JAVA\ernviando-mail\src\main\resources
2024-10-22 16:22:01,675 [Worker-18: Building] INFO  o.a.m.s.f.DefaultMavenResourcesFiltering - skip non existing resourceDirectory C:\TRABALHO\PROJETOS\JAVA\ernviando-mail\src\test\resources
2024-10-22 16:39:45,779 [Worker-23: Launching AppTest] INFO  o.a.m.s.f.DefaultMavenResourcesFiltering - skip non existing resourceDirectory C:\TRABALHO\PROJETOS\JAVA\ernviando-mail\src\main\resources
2024-10-22 16:39:45,781 [Worker-23: Launching AppTest] INFO  o.a.m.s.f.DefaultMavenResourcesFiltering - skip non existing resourceDirectory C:\TRABALHO\PROJETOS\JAVA\ernviando-mail\src\test\resources
2024-10-22 16:54:54,088 [Worker-31: Launching AppTest] INFO  o.a.m.s.f.DefaultMavenResourcesFiltering - skip non existing resourceDirectory C:\TRABALHO\PROJETOS\JAVA\ernviando-mail\src\main\resources
2024-10-22 16:54:54,090 [Worker-31: Launching AppTest] INFO  o.a.m.s.f.DefaultMavenResourcesFiltering - skip non existing resourceDirectory C:\TRABALHO\PROJETOS\JAVA\ernviando-mail\src\test\resources
2024-10-22 16:56:27,303 [Worker-33: Launching AppTest] INFO  o.a.m.s.f.DefaultMavenResourcesFiltering - skip non existing resourceDirectory C:\TRABALHO\PROJETOS\JAVA\ernviando-mail\src\main\resources
2024-10-22 16:56:27,305 [Worker-33: Launching AppTest] INFO  o.a.m.s.f.DefaultMavenResourcesFiltering - skip non existing resourceDirectory C:\TRABALHO\PROJETOS\JAVA\ernviando-mail\src\test\resources
2024-10-22 16:57:35,985 [Worker-32: Launching AppTest] INFO  o.a.m.s.f.DefaultMavenResourcesFiltering - skip non existing resourceDirectory C:\TRABALHO\PROJETOS\JAVA\ernviando-mail\src\main\resources
2024-10-22 16:57:35,987 [Worker-32: Launching AppTest] INFO  o.a.m.s.f.DefaultMavenResourcesFiltering - skip non existing resourceDirectory C:\TRABALHO\PROJETOS\JAVA\ernviando-mail\src\test\resources
2024-10-22 16:57:48,577 [Worker-31: Launching AppTest] INFO  o.a.m.s.f.DefaultMavenResourcesFiltering - skip non existing resourceDirectory C:\TRABALHO\PROJETOS\JAVA\ernviando-mail\src\main\resources
2024-10-22 16:57:48,580 [Worker-31: Launching AppTest] INFO  o.a.m.s.f.DefaultMavenResourcesFiltering - skip non existing resourceDirectory C:\TRABALHO\PROJETOS\JAVA\ernviando-mail\src\test\resources
2024-10-22 17:16:12,618 [Worker-37: Building] INFO  o.a.m.s.f.DefaultMavenResourcesFiltering - skip non existing resourceDirectory C:\TRABALHO\PROJETOS\JAVA\ernviando-mail\src\main\resources
2024-10-22 17:16:12,622 [Worker-37: Building] INFO  o.a.m.s.f.DefaultMavenResourcesFiltering - skip non existing resourceDirectory C:\TRABALHO\PROJETOS\JAVA\ernviando-mail\src\test\resources
2024-10-25 09:41:38,875 [Worker-21: Loading available Gradle versions] INFO  o.e.b.c.i.u.g.PublishedGradleVersions - Gradle version information cache is out-of-date. Trying to update.
2024-10-25 09:41:40,447 [Worker-19: Launching AppTest] INFO  o.a.m.s.f.DefaultMavenResourcesFiltering - skip non existing resourceDirectory C:\TRABALHO\PROJETOS\JAVA\ernviando-mail\src\main\resources
2024-10-25 09:41:40,451 [Worker-19: Launching AppTest] INFO  o.a.m.s.f.DefaultMavenResourcesFiltering - skip non existing resourceDirectory C:\TRABALHO\PROJETOS\JAVA\ernviando-mail\src\test\resources
2024-10-25 10:20:27,744 [Worker-28: Launching AppTest] INFO  o.a.m.s.f.DefaultMavenResourcesFiltering - skip non existing resourceDirectory C:\TRABALHO\PROJETOS\JAVA\ernviando-mail\src\main\resources
2024-10-25 10:20:27,747 [Worker-28: Launching AppTest] INFO  o.a.m.s.f.DefaultMavenResourcesFiltering - skip non existing resourceDirectory C:\TRABALHO\PROJETOS\JAVA\ernviando-mail\src\test\resources
2024-10-25 10:30:03,932 [Worker-33: Launching AppTest] INFO  o.a.m.s.f.DefaultMavenResourcesFiltering - skip non existing resourceDirectory C:\TRABALHO\PROJETOS\JAVA\ernviando-mail\src\main\resources
2024-10-25 10:30:03,934 [Worker-33: Launching AppTest] INFO  o.a.m.s.f.DefaultMavenResourcesFiltering - skip non existing resourceDirectory C:\TRABALHO\PROJETOS\JAVA\ernviando-mail\src\test\resources
2024-10-25 10:32:11,747 [Worker-32: Launching AppTest] INFO  o.a.m.s.f.DefaultMavenResourcesFiltering - skip non existing resourceDirectory C:\TRABALHO\PROJETOS\JAVA\ernviando-mail\src\main\resources
2024-10-25 10:32:11,751 [Worker-32: Launching AppTest] INFO  o.a.m.s.f.DefaultMavenResourcesFiltering - skip non existing resourceDirectory C:\TRABALHO\PROJETOS\JAVA\ernviando-mail\src\test\resources
2024-10-25 10:33:17,195 [Worker-33: Launching AppTest] INFO  o.a.m.s.f.DefaultMavenResourcesFiltering - skip non existing resourceDirectory C:\TRABALHO\PROJETOS\JAVA\ernviando-mail\src\main\resources
2024-10-25 10:33:17,197 [Worker-33: Launching AppTest] INFO  o.a.m.s.f.DefaultMavenResourcesFiltering - skip non existing resourceDirectory C:\TRABALHO\PROJETOS\JAVA\ernviando-mail\src\test\resources
2024-10-25 11:05:16,411 [Worker-35: Launching AppTest] INFO  o.a.m.s.f.DefaultMavenResourcesFiltering - skip non existing resourceDirectory C:\TRABALHO\PROJETOS\JAVA\ernviando-mail\src\main\resources
2024-10-25 11:05:16,414 [Worker-35: Launching AppTest] INFO  o.a.m.s.f.DefaultMavenResourcesFiltering - skip non existing resourceDirectory C:\TRABALHO\PROJETOS\JAVA\ernviando-mail\src\test\resources
